<?xml version="1.0" encoding="UTF-8"?>
<!-- Generated by org.testng.reporters.JUnitReportReporter -->
<testsuite hostname="LAPTOP-ATU9KBGA" failures="0" tests="7" name="CommentApi.Comments" time="9.676" errors="0" timestamp="2024-10-04T23:34:57 IST" skipped="0">
  <testcase classname="CommentApi.Comments" name="Delete" time="1.511"/>
  <system-out/>
  <testcase classname="CommentApi.Comments" name="skipComment" time="1.125"/>
  <system-out/>
  <testcase classname="CommentApi.Comments" name="allComment" time="0.965"/>
  <system-out/>
  <testcase classname="CommentApi.Comments" name="commentByPostid" time="0.971"/>
  <system-out/>
  <testcase classname="CommentApi.Comments" name="singleComment" time="0.919"/>
  <system-out/>
  <testcase classname="CommentApi.Comments" name="AddNewComment" time="3.187"/>
  <system-out/>
  <testcase classname="CommentApi.Comments" name="UpdateComment" time="0.998"/>
  <system-out/>
</testsuite> <!-- CommentApi.Comments -->
