<?xml version="1.0" encoding="UTF-8"?>
<!-- Generated by org.testng.reporters.JUnitReportReporter -->
<testsuite hostname="LAPTOP-ATU9KBGA" failures="0" tests="8" name="RecipesApi.Recipes" time="8.669" errors="0" timestamp="2024-10-04T22:37:17 IST" skipped="0">
  <testcase classname="RecipesApi.Recipes" name="LimitSkip" time="0.873"/>
  <system-out/>
  <testcase classname="RecipesApi.Recipes" name="RecipesByTag" time="0.807"/>
  <system-out/>
  <testcase classname="RecipesApi.Recipes" name="SingleRecipes" time="0.764"/>
  <system-out/>
  <testcase classname="RecipesApi.Recipes" name="ShortRecipes" time="0.825"/>
  <system-out/>
  <testcase classname="RecipesApi.Recipes" name="GetAllRecipes" time="2.515"/>
  <system-out/>
  <testcase classname="RecipesApi.Recipes" name="SearchRecipes" time="0.805"/>
  <system-out/>
  <testcase classname="RecipesApi.Recipes" name="RecipesByMeal" time="1.297"/>
  <system-out/>
  <testcase classname="RecipesApi.Recipes" name="Getall" time="0.783"/>
  <system-out/>
</testsuite> <!-- RecipesApi.Recipes -->
